<?xml version="1.0" encoding="UTF-8"?>
<testsuite xmlns:xsi="http://www.w3.org/2001/XMLSchema-instance" xsi:noNamespaceSchemaLocation="https://maven.apache.org/surefire/maven-surefire-plugin/xsd/surefire-test-report.xsd" name="gridGenerator.AppTest" time="0.045" tests="1" errors="0" skipped="0" failures="0">
  <properties>
    <property name="sun.desktop" value="windows"/>
    <property name="awt.toolkit" value="sun.awt.windows.WToolkit"/>
    <property name="file.encoding.pkg" value="sun.io"/>
    <property name="java.specification.version" value="1.8"/>
    <property name="sun.cpu.isalist" value="amd64"/>
    <property name="sun.jnu.encoding" value="Cp1252"/>
    <property name="java.class.path" value="C:\cygwin64\home\cvvar\career_work\dawson\2D-Elliptic-Mesh-Generator\target\test-classes;C:\cygwin64\home\cvvar\career_work\dawson\2D-Elliptic-Mesh-Generator\target\classes;C:\Users\cvvar\.m2\repository\junit\junit\4.11\junit-4.11.jar;C:\Users\cvvar\.m2\repository\org\hamcrest\hamcrest-core\1.3\hamcrest-core-1.3.jar;C:\Users\cvvar\.m2\repository\com\github\yannrichet\JMathPlot\1.0.1\JMathPlot-1.0.1.jar;C:\Users\cvvar\.m2\repository\com\github\yannrichet\JMathIO\1.0\JMathIO-1.0.jar;C:\Users\cvvar\.m2\repository\com\github\yannrichet\JMathArray\1.0\JMathArray-1.0.jar;C:\Users\cvvar\.m2\repository\gov\nist\math\jama\1.0.3\jama-1.0.3.jar;"/>
    <property name="java.vm.vendor" value="Oracle Corporation"/>
    <property name="sun.arch.data.model" value="64"/>
    <property name="user.variant" value=""/>
    <property name="java.vendor.url" value="http://java.oracle.com/"/>
    <property name="user.timezone" value="America/New_York"/>
    <property name="java.vm.specification.version" value="1.8"/>
    <property name="os.name" value="Windows 10"/>
    <property name="user.country" value="US"/>
    <property name="sun.java.launcher" value="SUN_STANDARD"/>
    <property name="sun.boot.library.path" value="C:\Program Files\Java\jdk1.8.0_151\jre\bin"/>
    <property name="sun.java.command" value="C:\Users\cvvar\AppData\Local\Temp\surefire2732058193788529955\surefirebooter5881284342618182028.jar C:\Users\cvvar\AppData\Local\Temp\surefire2732058193788529955 2019-12-25T05-52-02_871-jvmRun1 surefire3502791591125002955tmp surefire_0939506540897070447tmp"/>
    <property name="surefire.test.class.path" value="C:\cygwin64\home\cvvar\career_work\dawson\2D-Elliptic-Mesh-Generator\target\test-classes;C:\cygwin64\home\cvvar\career_work\dawson\2D-Elliptic-Mesh-Generator\target\classes;C:\Users\cvvar\.m2\repository\junit\junit\4.11\junit-4.11.jar;C:\Users\cvvar\.m2\repository\org\hamcrest\hamcrest-core\1.3\hamcrest-core-1.3.jar;C:\Users\cvvar\.m2\repository\com\github\yannrichet\JMathPlot\1.0.1\JMathPlot-1.0.1.jar;C:\Users\cvvar\.m2\repository\com\github\yannrichet\JMathIO\1.0\JMathIO-1.0.jar;C:\Users\cvvar\.m2\repository\com\github\yannrichet\JMathArray\1.0\JMathArray-1.0.jar;C:\Users\cvvar\.m2\repository\gov\nist\math\jama\1.0.3\jama-1.0.3.jar;"/>
    <property name="sun.cpu.endian" value="little"/>
    <property name="user.home" value="C:\Users\cvvar"/>
    <property name="user.language" value="en"/>
    <property name="java.specification.vendor" value="Oracle Corporation"/>
    <property name="java.home" value="C:\Program Files\Java\jdk1.8.0_151\jre"/>
    <property name="basedir" value="C:\cygwin64\home\cvvar\career_work\dawson\2D-Elliptic-Mesh-Generator"/>
    <property name="file.separator" value="\"/>
    <property name="line.separator" value="&#10;"/>
    <property name="java.vm.specification.vendor" value="Oracle Corporation"/>
    <property name="java.specification.name" value="Java Platform API Specification"/>
    <property name="java.awt.graphicsenv" value="sun.awt.Win32GraphicsEnvironment"/>
    <property name="surefire.real.class.path" value="C:\Users\cvvar\AppData\Local\Temp\surefire2732058193788529955\surefirebooter5881284342618182028.jar"/>
    <property name="sun.boot.class.path" value="C:\Program Files\Java\jdk1.8.0_151\jre\lib\resources.jar;C:\Program Files\Java\jdk1.8.0_151\jre\lib\rt.jar;C:\Program Files\Java\jdk1.8.0_151\jre\lib\sunrsasign.jar;C:\Program Files\Java\jdk1.8.0_151\jre\lib\jsse.jar;C:\Program Files\Java\jdk1.8.0_151\jre\lib\jce.jar;C:\Program Files\Java\jdk1.8.0_151\jre\lib\charsets.jar;C:\Program Files\Java\jdk1.8.0_151\jre\lib\jfr.jar;C:\Program Files\Java\jdk1.8.0_151\jre\classes"/>
    <property name="user.script" value=""/>
    <property name="sun.management.compiler" value="HotSpot 64-Bit Tiered Compilers"/>
    <property name="java.runtime.version" value="1.8.0_151-b12"/>
    <property name="user.name" value="cvvar"/>
    <property name="path.separator" value=";"/>
    <property name="os.version" value="10.0"/>
    <property name="java.endorsed.dirs" value="C:\Program Files\Java\jdk1.8.0_151\jre\lib\endorsed"/>
    <property name="java.runtime.name" value="Java(TM) SE Runtime Environment"/>
    <property name="file.encoding" value="Cp1252"/>
    <property name="java.vm.name" value="Java HotSpot(TM) 64-Bit Server VM"/>
    <property name="localRepository" value="C:\Users\cvvar\.m2\repository"/>
    <property name="java.vendor.url.bug" value="http://bugreport.sun.com/bugreport/"/>
    <property name="java.io.tmpdir" value="C:\Users\cvvar\AppData\Local\Temp\"/>
    <property name="java.version" value="1.8.0_151"/>
    <property name="user.dir" value="C:\cygwin64\home\cvvar\career_work\dawson\2D-Elliptic-Mesh-Generator"/>
    <property name="os.arch" value="amd64"/>
    <property name="java.vm.specification.name" value="Java Virtual Machine Specification"/>
    <property name="java.awt.printerjob" value="sun.awt.windows.WPrinterJob"/>
    <property name="sun.os.patch.level" value=""/>
    <property name="java.library.path" value="C:\Program Files\Java\jdk1.8.0_151\jre\bin;C:\WINDOWS\Sun\Java\bin;C:\WINDOWS\system32;C:\WINDOWS;C:\Users\cvvar\bin;C:\Program Files\Git\mingw64\bin;C:\Program Files\Git\usr\local\bin;C:\Program Files\Git\usr\bin;C:\Program Files\Git\usr\bin;C:\Program Files\Git\mingw64\bin;C:\Program Files\Git\usr\bin;C:\Users\cvvar\bin;C:\Python36;C:\Python36\Scripts;C:\Program Files (x86)\Common Files\Oracle\Java\javapath;C:\Program Files (x86)\Intel\Intel(R) Management Engine Components\iCLS;C:\Program Files\Intel\Intel(R) Management Engine Components\iCLS;C:\ProgramData\Oracle\Java\javapath;C:\WINDOWS\system32;C:\WINDOWS;C:\WINDOWS\System32\Wbem;C:\WINDOWS\System32\WindowsPowerShell\v1.0;C:\Program Files\LinuxSampler;C:\Program Files\LinuxSampler\64;C:\Program Files\LinuxSampler\32;C:\Program Files\Git\cmd;C:\Program Files (x86)\Intel\Intel(R) Management Engine Components\DAL;C:\Program Files\Intel\Intel(R) Management Engine Components\DAL;C:\Program Files (x86)\Intel\Intel(R) Management Engine Components\IPT;C:\Program Files\Intel\Intel(R) Management Engine Components\IPT;C:\WINDOWS\System32\OpenSSH;C:\Program Files\PuTTY;C:\Program Files (x86)\Calibre2;C:\HashiCorp\Vagrant\bin;C:\Program Files\Intel\WiFi\bin;C:\Program Files\Common Files\Intel\WirelessCommon;C:\Program Files (x86)\NVIDIA Corporation\PhysX\Common;C:\WINDOWS\system32;C:\WINDOWS;C:\WINDOWS\System32\Wbem;C:\WINDOWS\System32\WindowsPowerShell\v1.0;C:\WINDOWS\System32\OpenSSH;C:\Users\cvvar\AppData\Local\Microsoft\WindowsApps;C:\php;C:\cygwin64\home\cvvar\oanda\arcanist\arcanist\bin;C:\Users\cvvar\AppData\Local\Programs\MiKTeX 2.9\miktex\bin\x64;C:\Users\cvvar\AppData\Local\atom\bin;C:\cygwin64\bin;C:\Users\cvvar\AppData\Local\Microsoft\WindowsApps;C:\Gradle\gradle-5.1.1\bin;C:\Program Files\Java\jdk1.8.0_151\bin;C:\Program Files\JetBrains\IntelliJ IDEA 2018.3.4\bin;C:\C\apache-maven-3.6.3\bin;C:\Program Files\Git\usr\bin\vendor_perl;C:\Program Files\Git\usr\bin\core_perl;."/>
    <property name="java.vm.info" value="mixed mode"/>
    <property name="java.vendor" value="Oracle Corporation"/>
    <property name="java.vm.version" value="25.151-b12"/>
    <property name="java.ext.dirs" value="C:\Program Files\Java\jdk1.8.0_151\jre\lib\ext;C:\WINDOWS\Sun\Java\lib\ext"/>
    <property name="sun.io.unicode.encoding" value="UnicodeLittle"/>
    <property name="java.class.version" value="52.0"/>
  </properties>
  <testcase name="shouldAnswerWithTrue" classname="gridGenerator.AppTest" time="0.003"/>
</testsuite>